{"C:\\Curso de React\\Proyectos\\full stack paginas desarrolladas\\rest_api_node\\src\\router.ts": {"path":"C:\\Curso de React\\Proyectos\\full stack paginas desarrolladas\\rest_api_node\\src\\router.ts","statementMap":{"0":{"start":{"line":2,"column":0},"end":{"line":2,"column":32}},"1":{"start":{"line":3,"column":0},"end":{"line":3,"column":128}},"2":{"start":{"line":4,"column":0},"end":{"line":4,"column":47}},"3":{"start":{"line":5,"column":0},"end":{"line":5,"column":48}},"4":{"start":{"line":7,"column":15},"end":{"line":7,"column":23}},"5":{"start":{"line":9,"column":0},"end":{"line":9,"column":null}},"6":{"start":{"line":11,"column":0},"end":{"line":16,"column":null}},"7":{"start":{"line":18,"column":0},"end":{"line":32,"column":null}},"8":{"start":{"line":28,"column":25},"end":{"line":28,"column":34}},"9":{"start":{"line":34,"column":0},"end":{"line":56,"column":null}},"10":{"start":{"line":48,"column":25},"end":{"line":48,"column":34}},"11":{"start":{"line":58,"column":0},"end":{"line":64,"column":null}},"12":{"start":{"line":68,"column":0},"end":{"line":72,"column":null}},"13":{"start":{"line":74,"column":0},"end":{"line":74,"column":null}}},"fnMap":{"0":{"name":"(anonymous_0)","decl":{"start":{"line":28,"column":16},"end":{"line":28,"column":21}},"loc":{"start":{"line":28,"column":25},"end":{"line":28,"column":34}}},"1":{"name":"(anonymous_1)","decl":{"start":{"line":48,"column":16},"end":{"line":48,"column":21}},"loc":{"start":{"line":48,"column":25},"end":{"line":48,"column":34}}}},"branchMap":{},"s":{"0":2,"1":2,"2":2,"3":2,"4":2,"5":2,"6":2,"7":2,"8":4,"9":2,"10":5,"11":2,"12":2,"13":2},"f":{"0":4,"1":5},"b":{}}
,"C:\\Curso de React\\Proyectos\\full stack paginas desarrolladas\\rest_api_node\\src\\server.ts": {"path":"C:\\Curso de React\\Proyectos\\full stack paginas desarrolladas\\rest_api_node\\src\\server.ts","statementMap":{"0":{"start":{"line":7,"column":0},"end":{"line":7,"column":7}},"1":{"start":{"line":1,"column":0},"end":{"line":1,"column":30}},"2":{"start":{"line":2,"column":0},"end":{"line":2,"column":27}},"3":{"start":{"line":3,"column":0},"end":{"line":3,"column":29}},"4":{"start":{"line":4,"column":0},"end":{"line":4,"column":28}},"5":{"start":{"line":8,"column":2},"end":{"line":14,"column":3}},"6":{"start":{"line":9,"column":6},"end":{"line":9,"column":30}},"7":{"start":{"line":10,"column":6},"end":{"line":10,"column":16}},"8":{"start":{"line":13,"column":6},"end":{"line":13,"column":79}},"9":{"start":{"line":17,"column":0},"end":{"line":17,"column":null}},"10":{"start":{"line":20,"column":15},"end":{"line":20,"column":24}},"11":{"start":{"line":23,"column":0},"end":{"line":23,"column":null}},"12":{"start":{"line":27,"column":0},"end":{"line":27,"column":null}},"13":{"start":{"line":29,"column":0},"end":{"line":31,"column":null}},"14":{"start":{"line":30,"column":4},"end":{"line":30,"column":null}},"15":{"start":{"line":33,"column":0},"end":{"line":33,"column":22}}},"fnMap":{"0":{"name":"connectDB","decl":{"start":{"line":7,"column":22},"end":{"line":7,"column":31}},"loc":{"start":{"line":7,"column":31},"end":{"line":15,"column":1}}},"1":{"name":"(anonymous_2)","decl":{"start":{"line":29,"column":18},"end":{"line":29,"column":19}},"loc":{"start":{"line":29,"column":29},"end":{"line":31,"column":1}}}},"branchMap":{},"s":{"0":2,"1":2,"2":2,"3":2,"4":2,"5":3,"6":3,"7":2,"8":1,"9":2,"10":2,"11":2,"12":2,"13":2,"14":1,"15":2},"f":{"0":3,"1":1},"b":{}}
,"C:\\Curso de React\\Proyectos\\full stack paginas desarrolladas\\rest_api_node\\src\\config\\db.ts": {"path":"C:\\Curso de React\\Proyectos\\full stack paginas desarrolladas\\rest_api_node\\src\\config\\db.ts","statementMap":{"0":{"start":{"line":1,"column":0},"end":{"line":1,"column":49}},"1":{"start":{"line":2,"column":0},"end":{"line":2,"column":27}},"2":{"start":{"line":3,"column":0},"end":{"line":3,"column":92}},"3":{"start":{"line":7,"column":11},"end":{"line":10,"column":2}},"4":{"start":{"line":22,"column":0},"end":{"line":22,"column":null}}},"fnMap":{},"branchMap":{},"s":{"0":2,"1":2,"2":2,"3":2,"4":2},"f":{},"b":{}}
,"C:\\Curso de React\\Proyectos\\full stack paginas desarrolladas\\rest_api_node\\src\\handlers\\product.ts": {"path":"C:\\Curso de React\\Proyectos\\full stack paginas desarrolladas\\rest_api_node\\src\\handlers\\product.ts","statementMap":{"0":{"start":{"line":2,"column":0},"end":{"line":2,"column":45}},"1":{"start":{"line":6,"column":27},"end":{"line":16,"column":1}},"2":{"start":{"line":7,"column":21},"end":{"line":12,"column":6}},"3":{"start":{"line":13,"column":4},"end":{"line":13,"column":null}},"4":{"start":{"line":6,"column":13},"end":{"line":6,"column":27}},"5":{"start":{"line":18,"column":30},"end":{"line":38,"column":1}},"6":{"start":{"line":20,"column":2},"end":{"line":37,"column":3}},"7":{"start":{"line":22,"column":19},"end":{"line":22,"column":29}},"8":{"start":{"line":23,"column":20},"end":{"line":23,"column":46}},"9":{"start":{"line":25,"column":4},"end":{"line":30,"column":5}},"10":{"start":{"line":26,"column":6},"end":{"line":28,"column":null}},"11":{"start":{"line":29,"column":6},"end":{"line":29,"column":12}},"12":{"start":{"line":32,"column":4},"end":{"line":32,"column":null}},"13":{"start":{"line":36,"column":4},"end":{"line":36,"column":23}},"14":{"start":{"line":18,"column":13},"end":{"line":18,"column":30}},"15":{"start":{"line":42,"column":2},"end":{"line":52,"column":3}},"16":{"start":{"line":44,"column":4},"end":{"line":51,"column":5}},"17":{"start":{"line":46,"column":22},"end":{"line":46,"column":52}},"18":{"start":{"line":47,"column":6},"end":{"line":47,"column":null}},"19":{"start":{"line":40,"column":13},"end":{"line":40,"column":null}},"20":{"start":{"line":54,"column":2},"end":{"line":75,"column":3}},"21":{"start":{"line":57,"column":21},"end":{"line":57,"column":31}},"22":{"start":{"line":58,"column":22},"end":{"line":58,"column":48}},"23":{"start":{"line":60,"column":6},"end":{"line":66,"column":7}},"24":{"start":{"line":62,"column":9},"end":{"line":64,"column":null}},"25":{"start":{"line":65,"column":8},"end":{"line":65,"column":14}},"26":{"start":{"line":69,"column":6},"end":{"line":69,"column":37}},"27":{"start":{"line":70,"column":6},"end":{"line":70,"column":27}},"28":{"start":{"line":71,"column":6},"end":{"line":71,"column":null}},"29":{"start":{"line":53,"column":13},"end":{"line":53,"column":null}},"30":{"start":{"line":78,"column":2},"end":{"line":95,"column":3}},"31":{"start":{"line":80,"column":19},"end":{"line":80,"column":29}},"32":{"start":{"line":81,"column":20},"end":{"line":81,"column":46}},"33":{"start":{"line":83,"column":4},"end":{"line":88,"column":5}},"34":{"start":{"line":84,"column":6},"end":{"line":86,"column":null}},"35":{"start":{"line":87,"column":6},"end":{"line":87,"column":12}},"36":{"start":{"line":91,"column":4},"end":{"line":91,"column":58}},"37":{"start":{"line":92,"column":4},"end":{"line":92,"column":25}},"38":{"start":{"line":94,"column":4},"end":{"line":94,"column":null}},"39":{"start":{"line":77,"column":13},"end":{"line":77,"column":null}},"40":{"start":{"line":98,"column":2},"end":{"line":113,"column":3}},"41":{"start":{"line":99,"column":19},"end":{"line":99,"column":29}},"42":{"start":{"line":100,"column":20},"end":{"line":100,"column":46}},"43":{"start":{"line":102,"column":4},"end":{"line":107,"column":5}},"44":{"start":{"line":103,"column":6},"end":{"line":105,"column":null}},"45":{"start":{"line":106,"column":6},"end":{"line":106,"column":12}},"46":{"start":{"line":110,"column":4},"end":{"line":110,"column":null}},"47":{"start":{"line":111,"column":4},"end":{"line":111,"column":null}},"48":{"start":{"line":97,"column":13},"end":{"line":97,"column":null}}},"fnMap":{"0":{"name":"(anonymous_1)","decl":{"start":{"line":6,"column":27},"end":{"line":6,"column":32}},"loc":{"start":{"line":6,"column":65},"end":{"line":16,"column":1}}},"1":{"name":"(anonymous_2)","decl":{"start":{"line":18,"column":30},"end":{"line":18,"column":35}},"loc":{"start":{"line":18,"column":68},"end":{"line":38,"column":1}}},"2":{"name":"(anonymous_3)","decl":{"start":{"line":42,"column":2},"end":{"line":42,"column":7}},"loc":{"start":{"line":42,"column":55},"end":{"line":52,"column":3}}},"3":{"name":"(anonymous_4)","decl":{"start":{"line":54,"column":2},"end":{"line":54,"column":7}},"loc":{"start":{"line":54,"column":39},"end":{"line":75,"column":3}}},"4":{"name":"(anonymous_5)","decl":{"start":{"line":78,"column":2},"end":{"line":78,"column":7}},"loc":{"start":{"line":78,"column":39},"end":{"line":95,"column":3}}},"5":{"name":"(anonymous_6)","decl":{"start":{"line":98,"column":2},"end":{"line":98,"column":7}},"loc":{"start":{"line":98,"column":39},"end":{"line":113,"column":3}}}},"branchMap":{"0":{"loc":{"start":{"line":25,"column":4},"end":{"line":30,"column":5}},"type":"if","locations":[{"start":{"line":25,"column":4},"end":{"line":30,"column":5}}]},"1":{"loc":{"start":{"line":60,"column":6},"end":{"line":66,"column":7}},"type":"if","locations":[{"start":{"line":60,"column":6},"end":{"line":66,"column":7}}]},"2":{"loc":{"start":{"line":83,"column":4},"end":{"line":88,"column":5}},"type":"if","locations":[{"start":{"line":83,"column":4},"end":{"line":88,"column":5}}]},"3":{"loc":{"start":{"line":102,"column":4},"end":{"line":107,"column":5}},"type":"if","locations":[{"start":{"line":102,"column":4},"end":{"line":107,"column":5}}]}},"s":{"0":2,"1":2,"2":2,"3":2,"4":2,"5":2,"6":3,"7":3,"8":3,"9":2,"10":1,"11":1,"12":1,"13":1,"14":2,"15":2,"16":4,"17":4,"18":4,"19":2,"20":2,"21":5,"22":5,"23":4,"24":1,"25":1,"26":3,"27":3,"28":3,"29":2,"30":2,"31":2,"32":2,"33":2,"34":1,"35":1,"36":1,"37":1,"38":1,"39":2,"40":2,"41":3,"42":3,"43":2,"44":1,"45":1,"46":1,"47":1,"48":2},"f":{"0":2,"1":3,"2":4,"3":5,"4":2,"5":3},"b":{"0":[1],"1":[1],"2":[1],"3":[1]}}
,"C:\\Curso de React\\Proyectos\\full stack paginas desarrolladas\\rest_api_node\\src\\middleware\\index.ts": {"path":"C:\\Curso de React\\Proyectos\\full stack paginas desarrolladas\\rest_api_node\\src\\middleware\\index.ts","statementMap":{"0":{"start":{"line":2,"column":0},"end":{"line":2,"column":53}},"1":{"start":{"line":4,"column":31},"end":{"line":18,"column":1}},"2":{"start":{"line":12,"column":21},"end":{"line":12,"column":42}},"3":{"start":{"line":13,"column":8},"end":{"line":15,"column":9}},"4":{"start":{"line":14,"column":10},"end":{"line":14,"column":null}},"5":{"start":{"line":17,"column":4},"end":{"line":17,"column":11}},"6":{"start":{"line":4,"column":13},"end":{"line":4,"column":31}}},"fnMap":{"0":{"name":"(anonymous_0)","decl":{"start":{"line":4,"column":31},"end":{"line":4,"column":32}},"loc":{"start":{"line":4,"column":79},"end":{"line":18,"column":1}}}},"branchMap":{"0":{"loc":{"start":{"line":13,"column":8},"end":{"line":15,"column":9}},"type":"if","locations":[{"start":{"line":13,"column":8},"end":{"line":15,"column":9}}]}},"s":{"0":2,"1":2,"2":17,"3":17,"4":8,"5":17,"6":2},"f":{"0":17},"b":{"0":[8]}}
,"C:\\Curso de React\\Proyectos\\full stack paginas desarrolladas\\rest_api_node\\src\\models\\Product.model.ts": {"path":"C:\\Curso de React\\Proyectos\\full stack paginas desarrolladas\\rest_api_node\\src\\models\\Product.model.ts","statementMap":{"0":{"start":{"line":1,"column":0},"end":{"line":1,"column":78}},"1":{"start":{"line":7,"column":0},"end":{"line":25,"column":null}},"2":{"start":{"line":13,"column":12},"end":{"line":13,"column":null}},"3":{"start":{"line":18,"column":12},"end":{"line":18,"column":null}},"4":{"start":{"line":24,"column":12},"end":{"line":24,"column":null}},"5":{"start":{"line":7,"column":6},"end":{"line":25,"column":null}},"6":{"start":{"line":27,"column":0},"end":{"line":27,"column":null}}},"fnMap":{},"branchMap":{},"s":{"0":3,"1":3,"2":3,"3":3,"4":3,"5":3,"6":3},"f":{},"b":{}}
}
