TN:
SF:src\router.ts
FN:28,(anonymous_0)
FN:48,(anonymous_1)
FNF:2
FNH:2
FNDA:4,(anonymous_0)
FNDA:5,(anonymous_1)
DA:2,2
DA:3,2
DA:4,2
DA:5,2
DA:7,2
DA:9,2
DA:11,2
DA:18,2
DA:28,4
DA:34,2
DA:48,5
DA:58,2
DA:68,2
DA:74,2
LF:14
LH:14
BRF:0
BRH:0
end_of_record
TN:
SF:src\server.ts
FN:7,connectDB
FN:29,(anonymous_2)
FNF:2
FNH:2
FNDA:3,connectDB
FNDA:1,(anonymous_2)
DA:1,2
DA:2,2
DA:3,2
DA:4,2
DA:7,2
DA:8,3
DA:9,3
DA:10,2
DA:13,1
DA:17,2
DA:20,2
DA:23,2
DA:27,2
DA:29,2
DA:30,1
DA:33,2
LF:16
LH:16
BRF:0
BRH:0
end_of_record
TN:
SF:src\config\db.ts
FNF:0
FNH:0
DA:1,2
DA:2,2
DA:3,2
DA:7,2
DA:22,2
LF:5
LH:5
BRF:0
BRH:0
end_of_record
TN:
SF:src\handlers\product.ts
FN:6,(anonymous_1)
FN:18,(anonymous_2)
FN:42,(anonymous_3)
FN:54,(anonymous_4)
FN:78,(anonymous_5)
FN:98,(anonymous_6)
FNF:6
FNH:6
FNDA:2,(anonymous_1)
FNDA:3,(anonymous_2)
FNDA:4,(anonymous_3)
FNDA:5,(anonymous_4)
FNDA:2,(anonymous_5)
FNDA:3,(anonymous_6)
DA:2,2
DA:6,2
DA:7,2
DA:13,2
DA:18,2
DA:20,3
DA:22,3
DA:23,3
DA:25,2
DA:26,1
DA:29,1
DA:32,1
DA:36,1
DA:40,2
DA:42,2
DA:44,4
DA:46,4
DA:47,4
DA:53,2
DA:54,2
DA:57,5
DA:58,5
DA:60,4
DA:62,1
DA:65,1
DA:69,3
DA:70,3
DA:71,3
DA:77,2
DA:78,2
DA:80,2
DA:81,2
DA:83,2
DA:84,1
DA:87,1
DA:91,1
DA:92,1
DA:94,1
DA:97,2
DA:98,2
DA:99,3
DA:100,3
DA:102,2
DA:103,1
DA:106,1
DA:110,1
DA:111,1
LF:47
LH:47
BRDA:25,0,0,1
BRDA:60,1,0,1
BRDA:83,2,0,1
BRDA:102,3,0,1
BRF:4
BRH:4
end_of_record
TN:
SF:src\middleware\index.ts
FN:4,(anonymous_0)
FNF:1
FNH:1
FNDA:17,(anonymous_0)
DA:2,2
DA:4,2
DA:12,17
DA:13,17
DA:14,8
DA:17,17
LF:6
LH:6
BRDA:13,0,0,8
BRF:1
BRH:1
end_of_record
TN:
SF:src\models\Product.model.ts
FNF:0
FNH:0
DA:1,3
DA:7,3
DA:13,3
DA:18,3
DA:24,3
DA:27,3
LF:6
LH:6
BRF:0
BRH:0
end_of_record
